Determining if the pthread_create exist failed with the following output:
Change Dir: /home/cc/test/umap/build/CMakeFiles/CMakeTmp

Run Build Command:"/usr/bin/make" "cmTC_79fcc/fast"
/usr/bin/make -f CMakeFiles/cmTC_79fcc.dir/build.make CMakeFiles/cmTC_79fcc.dir/build
make[1]: Entering directory '/home/cc/test/umap/build/CMakeFiles/CMakeTmp'
Building C object CMakeFiles/cmTC_79fcc.dir/CheckSymbolExists.c.o
/usr/bin/cc     -o CMakeFiles/cmTC_79fcc.dir/CheckSymbolExists.c.o   -c /home/cc/test/umap/build/CMakeFiles/CMakeTmp/CheckSymbolExists.c
Linking C executable cmTC_79fcc
/usr/bin/cmake -E cmake_link_script CMakeFiles/cmTC_79fcc.dir/link.txt --verbose=1
/usr/bin/cc       CMakeFiles/cmTC_79fcc.dir/CheckSymbolExists.c.o  -o cmTC_79fcc 
CMakeFiles/cmTC_79fcc.dir/CheckSymbolExists.c.o: In function `main':
CheckSymbolExists.c:(.text+0x16): undefined reference to `pthread_create'
collect2: error: ld returned 1 exit status
CMakeFiles/cmTC_79fcc.dir/build.make:97: recipe for target 'cmTC_79fcc' failed
make[1]: *** [cmTC_79fcc] Error 1
make[1]: Leaving directory '/home/cc/test/umap/build/CMakeFiles/CMakeTmp'
Makefile:126: recipe for target 'cmTC_79fcc/fast' failed
make: *** [cmTC_79fcc/fast] Error 2

File /home/cc/test/umap/build/CMakeFiles/CMakeTmp/CheckSymbolExists.c:
/* */
#include <pthread.h>

int main(int argc, char** argv)
{
  (void)argv;
#ifndef pthread_create
  return ((int*)(&pthread_create))[argc];
#else
  (void)argc;
  return 0;
#endif
}

Determining if the function pthread_create exists in the pthreads failed with the following output:
Change Dir: /home/cc/test/umap/build/CMakeFiles/CMakeTmp

Run Build Command:"/usr/bin/make" "cmTC_87b40/fast"
/usr/bin/make -f CMakeFiles/cmTC_87b40.dir/build.make CMakeFiles/cmTC_87b40.dir/build
make[1]: Entering directory '/home/cc/test/umap/build/CMakeFiles/CMakeTmp'
Building C object CMakeFiles/cmTC_87b40.dir/CheckFunctionExists.c.o
/usr/bin/cc    -DCHECK_FUNCTION_EXISTS=pthread_create   -o CMakeFiles/cmTC_87b40.dir/CheckFunctionExists.c.o   -c /usr/share/cmake-3.5/Modules/CheckFunctionExists.c
Linking C executable cmTC_87b40
/usr/bin/cmake -E cmake_link_script CMakeFiles/cmTC_87b40.dir/link.txt --verbose=1
/usr/bin/cc   -DCHECK_FUNCTION_EXISTS=pthread_create    CMakeFiles/cmTC_87b40.dir/CheckFunctionExists.c.o  -o cmTC_87b40 -lpthreads 
/usr/bin/ld: cannot find -lpthreads
collect2: error: ld returned 1 exit status
CMakeFiles/cmTC_87b40.dir/build.make:97: recipe for target 'cmTC_87b40' failed
make[1]: *** [cmTC_87b40] Error 1
make[1]: Leaving directory '/home/cc/test/umap/build/CMakeFiles/CMakeTmp'
Makefile:126: recipe for target 'cmTC_87b40/fast' failed
make: *** [cmTC_87b40/fast] Error 2


